# JRE version: Java(TM) SE Runtime Environment (7.0_60-b19) (build 1.7.0_60-b19)
# Java VM: Java HotSpot(TM) Client VM (24.60-b09 mixed mode linux-arm )
Heap
 def new generation   total 23808K, used 0K [0x61800000, 0x631c0000, 0x66540000)
  eden space 21248K,   0% used [0x61800000, 0x61800000, 0x62cc0000)
  from space 2560K,   0% used [0x62cc0000, 0x62cc0000, 0x62f40000)
  to   space 2560K,   0% used [0x62f40000, 0x62f40000, 0x631c0000)
 tenured generation   total 53676K, used 44519K [0x66540000, 0x699ab000, 0x70000000)
   the space 53676K,  82% used [0x66540000, 0x690b9c40, 0x690b9e00, 0x699ab000)
 compacting perm gen  total 25600K, used 25570K [0x70000000, 0x71900000, 0x74000000)
   the space 25600K,  99% used [0x70000000, 0x718f8b30, 0x718f8c00, 0x71900000)
GC Heap History (10 events):
Event: 40.255 GC heap after
Heap after GC invocations=147 (full 5):
 def new generation   total 23808K, used 2013K [0x61800000, 0x631c0000, 0x66540000)
  eden space 21248K,   0% used [0x61800000, 0x61800000, 0x62cc0000)
  from space 2560K,  78% used [0x62f40000, 0x63137560, 0x631c0000)
  to   space 2560K,   0% used [0x62cc0000, 0x62cc0000, 0x62f40000)
 tenured generation   total 52652K, used 44092K [0x66540000, 0x698ab000, 0x70000000)
   the space 52652K,  83% used [0x66540000, 0x6904f388, 0x6904f400, 0x698ab000)
 compacting perm gen  total 25344K, used 25245K [0x70000000, 0x718c0000, 0x74000000)
   the space 25344K,  99% used [0x70000000, 0x718a7400, 0x718a7400, 0x718c0000)
No shared spaces configured.
}
Event: 44.003 GC heap before
{Heap before GC invocations=147 (full 5):
 def new generation   total 23808K, used 23261K [0x61800000, 0x631c0000, 0x66540000)
  eden space 21248K, 100% used [0x61800000, 0x62cc0000, 0x62cc0000)
  from space 2560K,  78% used [0x62f40000, 0x63137560, 0x631c0000)
  to   space 2560K,   0% used [0x62cc0000, 0x62cc0000, 0x62f40000)
 tenured generation   total 52652K, used 44092K [0x66540000, 0x698ab000, 0x70000000)
   the space 52652K,  83% used [0x66540000, 0x6904f388, 0x6904f400, 0x698ab000)
 compacting perm gen  total 25344K, used 25274K [0x70000000, 0x718c0000, 0x74000000)
   the space 25344K,  99% used [0x70000000, 0x718ae9b0, 0x718aea00, 0x718c0000)
No shared spaces configured.
Event: 44.295 GC heap after
Heap after GC invocations=148 (full 5):
 def new generation   total 23808K, used 1967K [0x61800000, 0x631c0000, 0x66540000)
  eden space 21248K,   0% used [0x61800000, 0x61800000, 0x62cc0000)
  from space 2560K,  76% used [0x62cc0000, 0x62eabe90, 0x62f40000)
  to   space 2560K,   0% used [0x62f40000, 0x62f40000, 0x631c0000)
 tenured generation   total 52652K, used 46064K [0x66540000, 0x698ab000, 0x70000000)
   the space 52652K,  87% used [0x66540000, 0x6923c060, 0x6923c200, 0x698ab000)
 compacting perm gen  total 25344K, used 25274K [0x70000000, 0x718c0000, 0x74000000)
   the space 25344K,  99% used [0x70000000, 0x718ae9b0, 0x718aea00, 0x718c0000)
No shared spaces configured.
}
Event: 73.692 GC heap before
{Heap before GC invocations=148 (full 5):
 def new generation   total 23808K, used 23215K [0x61800000, 0x631c0000, 0x66540000)
  eden space 21248K, 100% used [0x61800000, 0x62cc0000, 0x62cc0000)
  from space 2560K,  76% used [0x62cc0000, 0x62eabe90, 0x62f40000)
  to   space 2560K,   0% used [0x62f40000, 0x62f40000, 0x631c0000)
 tenured generation   total 52652K, used 46064K [0x66540000, 0x698ab000, 0x70000000)
   the space 52652K,  87% used [0x66540000, 0x6923c060, 0x6923c200, 0x698ab000)
 compacting perm gen  total 25344K, used 25277K [0x70000000, 0x718c0000, 0x74000000)
   the space 25344K,  99% used [0x70000000, 0x718af7a8, 0x718af800, 0x718c0000)
No shared spaces configured.
Event: 81.353 GC heap after
Heap after GC invocations=149 (full 5):
 def new generation   total 23808K, used 2150K [0x61800000, 0x631c0000, 0x66540000)
  eden space 21248K,   0% used [0x61800000, 0x61800000, 0x62cc0000)
  from space 2560K,  84% used [0x62f40000, 0x63159aa0, 0x631c0000)
  to   space 2560K,   0% used [0x62cc0000, 0x62cc0000, 0x62f40000)
 tenured generation   total 52652K, used 48028K [0x66540000, 0x698ab000, 0x70000000)
   the space 52652K,  91% used [0x66540000, 0x69427388, 0x69427400, 0x698ab000)
 compacting perm gen  total 25344K, used 25277K [0x70000000, 0x718c0000, 0x74000000)
   the space 25344K,  99% used [0x70000000, 0x718af7a8, 0x718af800, 0x718c0000)
No shared spaces configured.
}
Event: 254.515 GC heap before
{Heap before GC invocations=149 (full 5):
 def new generation   total 23808K, used 23398K [0x61800000, 0x631c0000, 0x66540000)
  eden space 21248K, 100% used [0x61800000, 0x62cc0000, 0x62cc0000)
  from space 2560K,  84% used [0x62f40000, 0x63159aa0, 0x631c0000)
  to   space 2560K,   0% used [0x62cc0000, 0x62cc0000, 0x62f40000)
 tenured generation   total 52652K, used 48028K [0x66540000, 0x698ab000, 0x70000000)
   the space 52652K,  91% used [0x66540000, 0x69427388, 0x69427400, 0x698ab000)
 compacting perm gen  total 25600K, used 25433K [0x70000000, 0x71900000, 0x74000000)
   the space 25600K,  99% used [0x70000000, 0x718d64b8, 0x718d6600, 0x71900000)
No shared spaces configured.
Event: 254.651 GC heap after
Heap after GC invocations=150 (full 5):
 def new generation   total 23808K, used 1900K [0x61800000, 0x631c0000, 0x66540000)
  eden space 21248K,   0% used [0x61800000, 0x61800000, 0x62cc0000)
  from space 2560K,  74% used [0x62cc0000, 0x62e9b180, 0x62f40000)
  to   space 2560K,   0% used [0x62f40000, 0x62f40000, 0x631c0000)
 tenured generation   total 52652K, used 50178K [0x66540000, 0x698ab000, 0x70000000)
   the space 52652K,  95% used [0x66540000, 0x69640b48, 0x69640c00, 0x698ab000)
 compacting perm gen  total 25600K, used 25433K [0x70000000, 0x71900000, 0x74000000)
   the space 25600K,  99% used [0x70000000, 0x718d64b8, 0x718d6600, 0x71900000)
No shared spaces configured.
}
Event: 255.438 GC heap before
{Heap before GC invocations=150 (full 5):
 def new generation   total 23808K, used 23148K [0x61800000, 0x631c0000, 0x66540000)
  eden space 21248K, 100% used [0x61800000, 0x62cc0000, 0x62cc0000)
  from space 2560K,  74% used [0x62cc0000, 0x62e9b180, 0x62f40000)
  to   space 2560K,   0% used [0x62f40000, 0x62f40000, 0x631c0000)
 tenured generation   total 52652K, used 50178K [0x66540000, 0x698ab000, 0x70000000)
   the space 52652K,  95% used [0x66540000, 0x69640b48, 0x69640c00, 0x698ab000)
 compacting perm gen  total 25600K, used 25455K [0x70000000, 0x71900000, 0x74000000)
   the space 25600K,  99% used [0x70000000, 0x718dbdf0, 0x718dbe00, 0x71900000)
No shared spaces configured.
Event: 255.558 GC heap after
Heap after GC invocations=151 (full 5):
 def new generation   total 23808K, used 1561K [0x61800000, 0x631c0000, 0x66540000)
  eden space 21248K,   0% used [0x61800000, 0x61800000, 0x62cc0000)
  from space 2560K,  61% used [0x62f40000, 0x630c6760, 0x631c0000)
  to   space 2560K,   0% used [0x62cc0000, 0x62cc0000, 0x62f40000)
 tenured generation   total 52652K, used 52039K [0x66540000, 0x698ab000, 0x70000000)
   the space 52652K,  98% used [0x66540000, 0x69811d18, 0x69811e00, 0x698ab000)
 compacting perm gen  total 25600K, used 25455K [0x70000000, 0x71900000, 0x74000000)
   the space 25600K,  99% used [0x70000000, 0x718dbdf0, 0x718dbe00, 0x71900000)
No shared spaces configured.
}
Event: 258.459 GC heap before
{Heap before GC invocations=151 (full 5):
 def new generation   total 23808K, used 22809K [0x61800000, 0x631c0000, 0x66540000)
  eden space 21248K, 100% used [0x61800000, 0x62cc0000, 0x62cc0000)
  from space 2560K,  61% used [0x62f40000, 0x630c6760, 0x631c0000)
  to   space 2560K,   0% used [0x62cc0000, 0x62cc0000, 0x62f40000)
 tenured generation   total 52652K, used 52039K [0x66540000, 0x698ab000, 0x70000000)
   the space 52652K,  98% used [0x66540000, 0x69811d18, 0x69811e00, 0x698ab000)
 compacting perm gen  total 25600K, used 25570K [0x70000000, 0x71900000, 0x74000000)
   the space 25600K,  99% used [0x70000000, 0x718f8b30, 0x718f8c00, 0x71900000)
No shared spaces configured.

